[debug] [2025-02-16T19:11:31.070Z] ----------------------------------------------------------------------
[debug] [2025-02-16T19:11:31.073Z] Command:       C:\Program Files\nodejs\node.exe C:\Users\احمد علاء\AppData\Roaming\npm\node_modules\firebase-tools\lib\bin\firebase.js deploy
[debug] [2025-02-16T19:11:31.074Z] CLI Version:   13.13.3
[debug] [2025-02-16T19:11:31.074Z] Platform:      win32
[debug] [2025-02-16T19:11:31.074Z] Node Version:  v20.14.0
[debug] [2025-02-16T19:11:31.074Z] Time:          Sun Feb 16 2025 22:11:31 GMT+0300 (التوقيت العربي الرسمي)
[debug] [2025-02-16T19:11:31.074Z] ----------------------------------------------------------------------
[debug] 
[debug] [2025-02-16T19:11:31.078Z] >>> [apiv2][query] GET https://firebase-public.firebaseio.com/cli.json [none]
[debug] [2025-02-16T19:11:31.204Z] > command requires scopes: ["email","openid","https://www.googleapis.com/auth/cloudplatformprojects.readonly","https://www.googleapis.com/auth/firebase","https://www.googleapis.com/auth/cloud-platform"]
[debug] [2025-02-16T19:11:31.204Z] > authorizing via signed-in user (dev.ahmedalaa0@gmail.com)
[debug] [2025-02-16T19:11:31.205Z] [iam] checking project hfalat-61530 for permissions ["firebase.projects.get","firebasehosting.sites.update"]
[debug] [2025-02-16T19:11:31.206Z] > refreshing access token with scopes: []
[debug] [2025-02-16T19:11:31.208Z] >>> [apiv2][query] POST https://www.googleapis.com/oauth2/v3/token [none]
[debug] [2025-02-16T19:11:31.208Z] >>> [apiv2][body] POST https://www.googleapis.com/oauth2/v3/token [omitted]
[debug] [2025-02-16T19:11:31.609Z] <<< [apiv2][status] POST https://www.googleapis.com/oauth2/v3/token 400
[debug] [2025-02-16T19:11:31.609Z] <<< [apiv2][body] POST https://www.googleapis.com/oauth2/v3/token [omitted]
[debug] [2025-02-16T19:11:31.609Z] >>> [apiv2][query] POST https://cloudresourcemanager.googleapis.com/v1/projects/hfalat-61530:testIamPermissions [none]
[debug] [2025-02-16T19:11:31.609Z] >>> [apiv2][(partial)header] POST https://cloudresourcemanager.googleapis.com/v1/projects/hfalat-61530:testIamPermissions x-goog-quota-user=projects/hfalat-61530
[debug] [2025-02-16T19:11:31.609Z] >>> [apiv2][body] POST https://cloudresourcemanager.googleapis.com/v1/projects/hfalat-61530:testIamPermissions {"permissions":["firebase.projects.get","firebasehosting.sites.update"]}
[debug] [2025-02-16T19:11:31.796Z] <<< [apiv2][status] GET https://firebase-public.firebaseio.com/cli.json 200
[debug] [2025-02-16T19:11:31.796Z] <<< [apiv2][body] GET https://firebase-public.firebaseio.com/cli.json {"cloudBuildErrorAfter":1594252800000,"cloudBuildWarnAfter":1590019200000,"defaultNode10After":1594252800000,"minVersion":"3.0.5","node8DeploysDisabledAfter":1613390400000,"node8RuntimeDisabledAfter":1615809600000,"node8WarnAfter":1600128000000}
[debug] [2025-02-16T19:11:32.226Z] <<< [apiv2][status] POST https://cloudresourcemanager.googleapis.com/v1/projects/hfalat-61530:testIamPermissions 401
[debug] [2025-02-16T19:11:32.226Z] <<< [apiv2][body] POST https://cloudresourcemanager.googleapis.com/v1/projects/hfalat-61530:testIamPermissions {"error":{"code":401,"message":"Request had invalid authentication credentials. Expected OAuth 2 access token, login cookie or other valid authentication credential. See https://developers.google.com/identity/sign-in/web/devconsole-project.","status":"UNAUTHENTICATED","details":[{"@type":"type.googleapis.com/google.rpc.ErrorInfo","reason":"ACCESS_TOKEN_TYPE_UNSUPPORTED","metadata":{"method":"google.cloudresourcemanager.v1.Projects.TestIamPermissions","service":"cloudresourcemanager.googleapis.com"}}]}}
[debug] [2025-02-16T19:11:32.227Z] [iam] error while checking permissions, command may fail: FirebaseError: HTTP Error: 401, Request had invalid authentication credentials. Expected OAuth 2 access token, login cookie or other valid authentication credential. See https://developers.google.com/identity/sign-in/web/devconsole-project.
[debug] [2025-02-16T19:11:32.227Z] > refreshing access token with scopes: []
[debug] [2025-02-16T19:11:32.228Z] >>> [apiv2][query] POST https://www.googleapis.com/oauth2/v3/token [none]
[debug] [2025-02-16T19:11:32.229Z] >>> [apiv2][body] POST https://www.googleapis.com/oauth2/v3/token [omitted]
[debug] [2025-02-16T19:11:32.370Z] <<< [apiv2][status] POST https://www.googleapis.com/oauth2/v3/token 400
[debug] [2025-02-16T19:11:32.370Z] <<< [apiv2][body] POST https://www.googleapis.com/oauth2/v3/token [omitted]
[debug] [2025-02-16T19:11:32.370Z] >>> [apiv2][query] GET https://firebase.googleapis.com/v1beta1/projects/hfalat-61530 [none]
[debug] [2025-02-16T19:11:32.802Z] <<< [apiv2][status] GET https://firebase.googleapis.com/v1beta1/projects/hfalat-61530 401
[debug] [2025-02-16T19:11:32.802Z] <<< [apiv2][body] GET https://firebase.googleapis.com/v1beta1/projects/hfalat-61530 {"error":{"code":401,"message":"Request had invalid authentication credentials. Expected OAuth 2 access token, login cookie or other valid authentication credential. See https://developers.google.com/identity/sign-in/web/devconsole-project.","status":"UNAUTHENTICATED"}}
[debug] [2025-02-16T19:11:32.802Z] HTTP Error: 401, Request had invalid authentication credentials. Expected OAuth 2 access token, login cookie or other valid authentication credential. See https://developers.google.com/identity/sign-in/web/devconsole-project.
[debug] [2025-02-16T19:11:32.804Z] Specified "public" directory "build" does not exist; Deploy to Hosting site "" may fail or be empty.
[error] 
[error] Error: Assertion failed: resolving hosting target of a site with no site name or target name. This should have caused an error earlier
